<?xml version="1.0" encoding="UTF-8"?>
<!-- Generated by org.testng.reporters.JUnitReportReporter -->
<testsuite hostname="EPIQ-G37QX33" failures="0" tests="6" name="com.cde.home.Home" time="2.551" errors="1" timestamp="2022-09-08T11:49:22 IST" skipped="5">
  <testcase classname="com.cde.home.Home" name="setupSuite" time="2.531">
    <error message="session not created: This version of ChromeDriver only supports Chrome version 106
Current browser version is 104.0.5112.81 with binary path C:\Program Files (x86)\Google\Chrome\Application\chrome.exe
Build info: version: &#039;3.141.59&#039;, revision: &#039;e82be7d358&#039;, time: &#039;2018-11-14T08:17:03&#039;
System info: host: &#039;EPIQ-G37QX33&#039;, ip: &#039;10.35.159.91&#039;, os.name: &#039;Windows 10&#039;, os.arch: &#039;amd64&#039;, os.version: &#039;10.0&#039;, java.version: &#039;18.0.1&#039;
Driver info: driver.version: ChromeDriver
remote stacktrace: Backtrace:
	Ordinal0 [0x00581353+2233171]
	Ordinal0 [0x00518E31+1805873]
	Ordinal0 [0x004266FD+812797]
	Ordinal0 [0x00448C6D+953453]
	Ordinal0 [0x00444200+934400]
	Ordinal0 [0x004419C9+924105]
	Ordinal0 [0x0047806C+1146988]
	Ordinal0 [0x00477A6A+1145450]
	Ordinal0 [0x004718A6+1120422]
	Ordinal0 [0x0044A73D+960317]
	Ordinal0 [0x0044B71F+964383]
	GetHandleVerifier [0x0082A2C2+2728322]
	GetHandleVerifier [0x0081C184+2670660]
	GetHandleVerifier [0x0061102A+528106]
	GetHandleVerifier [0x0060FE10+523472]
	Ordinal0 [0x0052028C+1835660]
	Ordinal0 [0x00524758+1853272]
	Ordinal0 [0x00524845+1853509]
	Ordinal0 [0x0052E7E4+1894372]
	BaseThreadInitThunk [0x76C7FA29+25]
	RtlGetAppContainerNamedObjectPath [0x77927A9E+286]
	RtlGetAppContainerNamedObjectPath [0x77927A6E+238]
" type="org.openqa.selenium.SessionNotCreatedException">
      <![CDATA[org.openqa.selenium.SessionNotCreatedException: session not created: This version of ChromeDriver only supports Chrome version 106
Current browser version is 104.0.5112.81 with binary path C:\Program Files (x86)\Google\Chrome\Application\chrome.exe
Build info: version: '3.141.59', revision: 'e82be7d358', time: '2018-11-14T08:17:03'
System info: host: 'EPIQ-G37QX33', ip: '10.35.159.91', os.name: 'Windows 10', os.arch: 'amd64', os.version: '10.0', java.version: '18.0.1'
Driver info: driver.version: ChromeDriver
remote stacktrace: Backtrace:
Ordinal0 [0x00581353+2233171]
Ordinal0 [0x00518E31+1805873]
Ordinal0 [0x004266FD+812797]
Ordinal0 [0x00448C6D+953453]
Ordinal0 [0x00444200+934400]
Ordinal0 [0x004419C9+924105]
Ordinal0 [0x0047806C+1146988]
Ordinal0 [0x00477A6A+1145450]
Ordinal0 [0x004718A6+1120422]
Ordinal0 [0x0044A73D+960317]
Ordinal0 [0x0044B71F+964383]
GetHandleVerifier [0x0082A2C2+2728322]
GetHandleVerifier [0x0081C184+2670660]
GetHandleVerifier [0x0061102A+528106]
GetHandleVerifier [0x0060FE10+523472]
Ordinal0 [0x0052028C+1835660]
Ordinal0 [0x00524758+1853272]
Ordinal0 [0x00524845+1853509]
Ordinal0 [0x0052E7E4+1894372]
BaseThreadInitThunk [0x76C7FA29+25]
RtlGetAppContainerNamedObjectPath [0x77927A9E+286]
RtlGetAppContainerNamedObjectPath [0x77927A6E+238]

at java.base/jdk.internal.reflect.DirectConstructorHandleAccessor.newInstance(DirectConstructorHandleAccessor.java:67)
at java.base/java.lang.reflect.Constructor.newInstanceWithCaller(Constructor.java:499)
at java.base/java.lang.reflect.Constructor.newInstance(Constructor.java:483)
at org.openqa.selenium.remote.W3CHandshakeResponse.lambda$errorHandler$0(W3CHandshakeResponse.java:62)
at org.openqa.selenium.remote.HandshakeResponse.lambda$getResponseFunction$0(HandshakeResponse.java:30)
at org.openqa.selenium.remote.ProtocolHandshake.lambda$createSession$0(ProtocolHandshake.java:126)
at java.base/java.util.stream.ReferencePipeline$3$1.accept(ReferencePipeline.java:197)
at java.base/java.util.Spliterators$ArraySpliterator.tryAdvance(Spliterators.java:1002)
at java.base/java.util.stream.ReferencePipeline.forEachWithCancel(ReferencePipeline.java:129)
at java.base/java.util.stream.AbstractPipeline.copyIntoWithCancel(AbstractPipeline.java:527)
at java.base/java.util.stream.AbstractPipeline.copyInto(AbstractPipeline.java:513)
at java.base/java.util.stream.AbstractPipeline.wrapAndCopyInto(AbstractPipeline.java:499)
at java.base/java.util.stream.FindOps$FindOp.evaluateSequential(FindOps.java:150)
at java.base/java.util.stream.AbstractPipeline.evaluate(AbstractPipeline.java:234)
at java.base/java.util.stream.ReferencePipeline.findFirst(ReferencePipeline.java:647)
at org.openqa.selenium.remote.ProtocolHandshake.createSession(ProtocolHandshake.java:128)
at org.openqa.selenium.remote.ProtocolHandshake.createSession(ProtocolHandshake.java:74)
at org.openqa.selenium.remote.HttpCommandExecutor.execute(HttpCommandExecutor.java:136)
at org.openqa.selenium.remote.service.DriverCommandExecutor.execute(DriverCommandExecutor.java:83)
at org.openqa.selenium.remote.RemoteWebDriver.execute(RemoteWebDriver.java:552)
at org.openqa.selenium.remote.RemoteWebDriver.startSession(RemoteWebDriver.java:213)
at org.openqa.selenium.remote.RemoteWebDriver.<init>(RemoteWebDriver.java:131)
at org.openqa.selenium.chrome.ChromeDriver.<init>(ChromeDriver.java:181)
at org.openqa.selenium.chrome.ChromeDriver.<init>(ChromeDriver.java:168)
at org.openqa.selenium.chrome.ChromeDriver.<init>(ChromeDriver.java:157)
at com.cde.base.Base1.setupSuite(Base1.java:110)
at java.base/jdk.internal.reflect.DirectMethodHandleAccessor.invoke(DirectMethodHandleAccessor.java:104)
at java.base/java.lang.reflect.Method.invoke(Method.java:577)
at org.testng.internal.MethodInvocationHelper.invokeMethod(MethodInvocationHelper.java:133)
at org.testng.internal.MethodInvocationHelper.invokeMethodConsideringTimeout(MethodInvocationHelper.java:62)
at org.testng.internal.ConfigInvoker.invokeConfigurationMethod(ConfigInvoker.java:385)
at org.testng.internal.ConfigInvoker.invokeConfigurations(ConfigInvoker.java:321)
at org.testng.SuiteRunner.privateRun(SuiteRunner.java:317)
at org.testng.SuiteRunner.run(SuiteRunner.java:276)
at org.testng.SuiteRunnerWorker.runSuite(SuiteRunnerWorker.java:53)
at org.testng.SuiteRunnerWorker.run(SuiteRunnerWorker.java:96)
at org.testng.TestNG.runSuitesSequentially(TestNG.java:1212)
at org.testng.TestNG.runSuitesLocally(TestNG.java:1134)
at org.testng.TestNG.runSuites(TestNG.java:1063)
at org.testng.TestNG.run(TestNG.java:1031)
at org.testng.remote.AbstractRemoteTestNG.run(AbstractRemoteTestNG.java:115)
at org.testng.remote.RemoteTestNG.initAndRun(RemoteTestNG.java:251)
at org.testng.remote.RemoteTestNG.main(RemoteTestNG.java:77)
]]>
    </error>
  </testcase> <!-- setupSuite -->
  <system-out/>
  <testcase classname="com.cde.home.Home" name="verifyBlankCredentials" time="0.004">
    <skipped/>
  </testcase> <!-- verifyBlankCredentials -->
  <system-out/>
  <testcase classname="com.cde.home.Home" name="verifyIncorrectUname" time="0.004">
    <skipped/>
  </testcase> <!-- verifyIncorrectUname -->
  <system-out/>
  <testcase classname="com.cde.home.Home" name="verifyIncorrectPwd" time="0.008">
    <skipped/>
  </testcase> <!-- verifyIncorrectPwd -->
  <system-out/>
  <testcase classname="com.cde.home.Home" name="verifyIncorrectUserPwd" time="0.004">
    <skipped/>
  </testcase> <!-- verifyIncorrectUserPwd -->
  <system-out/>
  <testcase classname="com.cde.home.Home" name="verifyValidLogindetails" time="0.000">
    <skipped/>
  </testcase> <!-- verifyValidLogindetails -->
  <system-out/>
</testsuite> <!-- com.cde.home.Home -->
